c:\users\dani\documents\github\projecte-ia\activitat2_v2\project\activitat2_v2\debug\vc140.pdb
c:\users\dani\documents\github\projecte-ia\activitat2_v2\project\activitat2_v2\debug\vc140.idb
c:\users\dani\documents\github\projecte-ia\activitat2_v2\project\activitat2_v2\debug\sdl_fontcache.obj
c:\users\dani\documents\github\projecte-ia\activitat2_v2\project\activitat2_v2\debug\sdl2_gfxprimitives.obj
c:\users\dani\documents\github\projecte-ia\activitat2_v2\project\activitat2_v2\debug\sdl2_rotozoom.obj
c:\users\dani\documents\github\projecte-ia\activitat2_v2\project\activitat2_v2\debug\basestate.obj
c:\users\dani\documents\github\projecte-ia\activitat2_v2\project\activitat2_v2\debug\flowfield.obj
c:\users\dani\documents\github\projecte-ia\activitat2_v2\project\activitat2_v2\debug\flowfieldstate.obj
c:\users\dani\documents\github\projecte-ia\activitat2_v2\project\activitat2_v2\debug\flowobstacle.obj
c:\users\dani\documents\github\projecte-ia\activitat2_v2\project\activitat2_v2\debug\recurs.obj
c:\users\dani\documents\github\projecte-ia\activitat2_v2\project\activitat2_v2\debug\constants.obj
c:\users\dani\documents\github\projecte-ia\activitat2_v2\project\activitat2_v2\debug\steeringgroup.obj
c:\users\dani\documents\github\projecte-ia\activitat2_v2\project\activitat2_v2\debug\ecosystemstate.obj
c:\users\dani\documents\github\projecte-ia\activitat2_v2\project\activitat2_v2\debug\boid.obj
c:\users\dani\documents\github\projecte-ia\activitat2_v2\project\activitat2_v2\debug\entity.obj
c:\users\dani\documents\github\projecte-ia\activitat2_v2\project\activitat2_v2\debug\bitmapfont.obj
c:\users\dani\documents\github\projecte-ia\activitat2_v2\project\activitat2_v2\debug\inputsingleton.obj
c:\users\dani\documents\github\projecte-ia\activitat2_v2\project\activitat2_v2\debug\texture.obj
c:\users\dani\documents\github\projecte-ia\activitat2_v2\project\activitat2_v2\debug\rotatedtext.obj
c:\users\dani\documents\github\projecte-ia\activitat2_v2\project\activitat2_v2\debug\app.obj
c:\users\dani\documents\github\projecte-ia\activitat2_v2\project\activitat2_v2\debug\statemanager.obj
c:\users\dani\documents\github\projecte-ia\activitat2_v2\project\activitat2_v2\debug\timer.obj
c:\users\dani\documents\github\projecte-ia\activitat2_v2\project\activitat2_v2\debug\trail.obj
c:\users\dani\documents\github\projecte-ia\activitat2_v2\project\activitat2_v2\debug\display.obj
c:\users\dani\documents\github\projecte-ia\activitat2_v2\project\activitat2_v2\debug\main.obj
c:\users\dani\documents\github\projecte-ia\activitat2_v2\project\activitat2_v2\debug\menustate.obj
c:\users\dani\documents\github\projecte-ia\activitat2_v2\project\activitat2_v2\debug\path.obj
c:\users\dani\documents\github\projecte-ia\activitat2_v2\project\activitat2_v2\debug\player.obj
c:\users\dani\documents\github\projecte-ia\activitat2_v2\project\activitat2_v2\debug\simplepath.obj
c:\users\dani\documents\github\projecte-ia\activitat2_v2\project\activitat2_v2\debug\obstacle.obj
c:\users\dani\documents\github\projecte-ia\activitat2_v2\bin\activitat2_v2.ilk
c:\users\dani\documents\github\projecte-ia\activitat2_v2\bin\activitat2_v2.exe
c:\users\dani\documents\github\projecte-ia\activitat2_v2\bin\activitat2_v2.pdb
c:\users\dani\documents\github\projecte-ia\activitat2_v2\project\activitat2_v2\..\..\bin\activitat2_v2.pdb
c:\users\dani\documents\github\projecte-ia\activitat2_v2\project\activitat2_v2\..\..\bin\activitat2_v2.exe
c:\users\dani\documents\github\projecte-ia\activitat2_v2\project\activitat2_v2\..\..\bin\activitat2_v2.ilk
c:\users\dani\documents\github\projecte-ia\activitat2_v2\project\activitat2_v2\debug\activitat2_v2.tlog\cl.command.1.tlog
c:\users\dani\documents\github\projecte-ia\activitat2_v2\project\activitat2_v2\debug\activitat2_v2.tlog\cl.read.1.tlog
c:\users\dani\documents\github\projecte-ia\activitat2_v2\project\activitat2_v2\debug\activitat2_v2.tlog\cl.write.1.tlog
c:\users\dani\documents\github\projecte-ia\activitat2_v2\project\activitat2_v2\debug\activitat2_v2.tlog\link.command.1.tlog
c:\users\dani\documents\github\projecte-ia\activitat2_v2\project\activitat2_v2\debug\activitat2_v2.tlog\link.read.1.tlog
c:\users\dani\documents\github\projecte-ia\activitat2_v2\project\activitat2_v2\debug\activitat2_v2.tlog\link.write.1.tlog
